<?xml version="1.0" encoding="utf-8"?><testsuites><testsuite name="pytest" errors="0" failures="0" skipped="0" tests="59" time="340.770" timestamp="2026-07-29T01:36:12.532712-07:00" hostname="DESKTOP-67756LQ"><testcase classname="tests.api.unit.test_auth_dao" name="test_login_returns_token_on_success" time="0.450" /><testcase classname="tests.api.unit.test_auth_dao" name="test_authenticate_returns_token_and_basket_id" time="0.012" /><testcase classname="tests.api.unit.test_auth_dao" name="test_login_raises_authentication_error_on_401" time="0.013" /><testcase classname="tests.api.unit.test_auth_dao" name="test_login_raises_api_error_on_unexpected_status" time="0.012" /><testcase classname="tests.api.unit.test_basket_dao" name="test_get_basket_returns_data_payload" time="0.012" /><testcase classname="tests.api.unit.test_basket_dao" name="test_add_item_returns_new_item_id" time="0.013" /><testcase classname="tests.api.unit.test_basket_dao" name="test_add_item_raises_on_invalid_product" time="0.012" /><testcase classname="tests.api.unit.test_basket_dao" name="test_delete_item_succeeds_silently" time="0.012" /><testcase classname="tests.api.unit.test_product_dao" name="test_search_products_returns_parsed_list" time="0.012" /><testcase classname="tests.api.unit.test_product_dao" name="test_search_products_returns_empty_list_for_no_matches" time="0.012" /><testcase classname="tests.api.unit.test_product_dao" name="test_search_products_raises_on_server_error" time="0.012" /><testcase classname="tests.api.unit.test_request_logger" name="test_bearer_token_is_masked_but_scheme_kept" time="0.006" /><testcase classname="tests.api.unit.test_request_logger" name="test_raw_token_value_is_fully_masked" time="0.006" /><testcase classname="tests.api.unit.test_request_logger" name="test_headers_authorization_and_cookie_are_masked" time="0.006" /><testcase classname="tests.api.unit.test_request_logger" name="test_masking_does_not_mutate_input" time="0.005" /><testcase classname="tests.api.unit.test_rest_client" name="test_get_parses_json_and_status" time="0.013" /><testcase classname="tests.api.unit.test_rest_client" name="test_retries_transient_then_succeeds" time="0.030" /><testcase classname="tests.api.unit.test_rest_client" name="test_gateway_errors_are_retried_but_not_429" time="0.012" /><testcase classname="tests.api.unit.test_rest_client" name="test_connection_error_becomes_transport_error" time="0.012" /><testcase classname="tests.api.unit.test_rest_client" name="test_authenticated_request_attaches_bearer_token" time="0.016" /><testcase classname="tests.api.unit.test_rest_client" name="test_authenticated_without_token_raises" time="0.009" /><testcase classname="tests.api.unit.test_rest_client" name="test_api_error_from_response_selects_correct_subclass[401-AuthenticationError]" time="0.025" /><testcase classname="tests.api.unit.test_rest_client" name="test_api_error_from_response_selects_correct_subclass[403-AuthenticationError]" time="0.019" /><testcase classname="tests.api.unit.test_rest_client" name="test_api_error_from_response_selects_correct_subclass[404-ResourceNotFoundError]" time="0.018" /><testcase classname="tests.api.unit.test_rest_client" name="test_api_error_from_response_selects_correct_subclass[409-ApiError]" time="0.026" /><testcase classname="tests.api.unit.test_rest_client" name="test_api_error_from_response_selects_correct_subclass[400-BadRequestError]" time="0.017" /><testcase classname="tests.api.unit.test_rest_client" name="test_api_error_from_response_selects_correct_subclass[405-BadRequestError]" time="0.016" /><testcase classname="tests.api.unit.test_rest_client" name="test_api_error_from_response_selects_correct_subclass[500-ServerError]" time="0.015" /><testcase classname="tests.api.unit.test_retry_strategy" name="test_no_retry_sends_once" time="0.014" /><testcase classname="tests.api.unit.test_retry_strategy" name="test_backoff_retries_gateway_errors_until_success" time="0.011" /><testcase classname="tests.api.unit.test_retry_strategy" name="test_backoff_stops_after_max_attempts" time="0.011" /><testcase classname="tests.api.unit.test_retry_strategy" name="test_non_retryable_status_is_not_retried" time="0.009" /><testcase classname="tests.api.unit.test_retry_strategy" name="test_rate_limit_is_not_retried_by_default" time="0.009" /><testcase classname="tests.api.unit.test_retry_strategy" name="test_504_is_retried" time="0.011" /><testcase classname="tests.api.unit.test_retry_strategy" name="test_invalid_max_attempts_rejected" time="0.008" /><testcase classname="tests.api.unit.test_user_builder" name="test_default_build_has_valid_unique_email_and_matching_passwords" time="0.008" /><testcase classname="tests.api.unit.test_user_builder" name="test_two_default_builds_get_different_emails" time="0.009" /><testcase classname="tests.api.unit.test_user_builder" name="test_with_email_overrides_default" time="0.011" /><testcase classname="tests.api.unit.test_user_builder" name="test_with_mismatched_repeat_produces_divergent_passwords" time="0.008" /><testcase classname="tests.api.unit.test_user_dao" name="test_register_returns_new_user_id" time="0.015" /><testcase classname="tests.api.unit.test_user_dao" name="test_register_raises_conflict_on_duplicate_email" time="0.012" /><testcase classname="tests.api.unit.test_user_dao" name="test_whoami_returns_authenticated_user" time="0.013" /><testcase classname="tests.api.unit.test_user_dao" name="test_whoami_raises_when_no_user_logged_in" time="0.056" /><testcase classname="tests.api.integration.test_auth" name="test_registered_user_whoami_returns_own_email" time="21.242" /><testcase classname="tests.api.integration.test_auth" name="test_login_with_wrong_password_is_rejected" time="21.229" /><testcase classname="tests.api.integration.test_auth" name="test_whoami_without_token_is_rejected" time="21.076" /><testcase classname="tests.api.integration.test_basket" name="test_add_product_to_basket_and_view_it" time="21.340" /><testcase classname="tests.api.integration.test_basket" name="test_delete_basket_item_removes_it" time="21.304" /><testcase classname="tests.api.integration.test_basket" name="test_add_item_with_invalid_product_id_is_rejected" time="21.230" /><testcase classname="tests.api.integration.test_basket" name="test_get_basket_without_token_is_rejected" time="21.048" /><testcase classname="tests.api.integration.test_products" name="test_search_for_known_term_returns_results" time="21.075" /><testcase classname="tests.api.integration.test_products" name="test_search_for_nonsense_term_returns_no_results" time="21.065" /><testcase classname="tests.api.integration.test_products" name="test_empty_query_returns_full_catalogue" time="21.077" /><testcase classname="tests.api.integration.test_registration" name="test_register_with_unique_email_succeeds" time="21.096" /><testcase classname="tests.api.integration.test_registration" name="test_registered_account_can_log_in" time="21.086" /><testcase classname="tests.api.integration.test_registration" name="test_duplicate_email_is_rejected" time="21.154" /><testcase classname="tests.api.integration.test_registration" name="test_mismatched_password_repeat_is_not_validated_server_side" time="21.105" /><testcase classname="tests.api.contract.test_contract" name="test_product_search_response_matches_schema" time="21.050" /><testcase classname="tests.api.contract.test_contract" name="test_login_response_matches_schema" time="21.119" /></testsuite></testsuites>